#
# A fatal error has been detected by the Java Runtime Environment:
#
#  EXCEPTION_ACCESS_VIOLATION (0xc0000005) at pc=0x00007ff8ef1729e4, pid=25908, tid=19152
#
# JRE version: OpenJDK Runtime Environment Temurin-21.0.3+9 (21.0.3+9) (build 21.0.3+9-LTS)
# Java VM: OpenJDK 64-Bit Server VM Temurin-21.0.3+9 (21.0.3+9-LTS, mixed mode, emulated-client, tiered, compressed oops, compressed class ptrs, g1 gc, windows-amd64)
# Problematic frame:
# V  [jvm.dll+0x3629e4]
#
# No core dump will be written. Minidumps are not enabled by default on client versions of Windows
#
# If you would like to submit a bug report, please visit:
#   https://github.com/adoptium/adoptium-support/issues
#

---------------  S U M M A R Y ------------

Command Line: -XX:+ShowCodeDetailsInExceptionMessages -agentlib:jdwp=transport=dt_socket,suspend=y,address=localhost:52033 -Dcom.sun.management.jmxremote -Dcom.sun.management.jmxremote.port=52032 -Dcom.sun.management.jmxremote.authenticate=false -Dcom.sun.management.jmxremote.ssl=false -Djava.rmi.server.hostname=localhost -Dspring.jmx.enabled=true -Dmanagement.endpoints.jmx.exposure.include=* -Dspring.application.admin.enabled=true -XX:TieredStopAtLevel=1 -Dspring.boot.project.name=Springboot_firmware -javaagent:C:\STS4\sts-4.23.1.RELEASE\configuration\org.eclipse.osgi\270\0\.cp\lib\javaagent-shaded.jar -Dfile.encoding=UTF-8 -Dstdout.encoding=UTF-8 -Dstderr.encoding=UTF-8 com.kedu.firmware.SpringbootFirmwareApplication --spring.output.ansi.enabled=always

Host: AMD Ryzen 5 5500U with Radeon Graphics         , 12 cores, 15G,  Windows 11 , 64 bit Build 22621 (10.0.22621.3672)
Time: Mon Aug  5 16:55:41 2024  Windows 11 , 64 bit Build 22621 (10.0.22621.3672) elapsed time: 731.650238 seconds (0d 0h 12m 11s)

---------------  T H R E A D  ---------------

Current thread (0x000002cb129f5cd0):  WorkerThread "GC Thread#2"    [id=19152, stack(0x000000ebf2f00000,0x000000ebf3000000) (1024K)]

Stack: [0x000000ebf2f00000,0x000000ebf3000000],  sp=0x000000ebf2ffdf40,  free space=1015k
Native frames: (J=compiled Java code, j=interpreted, Vv=VM code, C=native code)
V  [jvm.dll+0x3629e4]
V  [jvm.dll+0x312f5b]
V  [jvm.dll+0x3129ad]
V  [jvm.dll+0x3eace5]
V  [jvm.dll+0x84c2f6]
V  [jvm.dll+0x855c91]
V  [jvm.dll+0x36310a]
V  [jvm.dll+0x362f9a]
V  [jvm.dll+0x36a864]
V  [jvm.dll+0x36a9db]
V  [jvm.dll+0x8cf697]
V  [jvm.dll+0x84bf8b]
V  [jvm.dll+0x6c6dcd]
C  [ucrtbase.dll+0x29333]
C  [KERNEL32.DLL+0x1257d]
C  [ntdll.dll+0x5af28]

JavaThread 0x000002cb1459c5b0 (nid = 11724) was being processed
Java frames: (J=compiled Java code, j=interpreted, Vv=VM code)
j  java.lang.invoke.DirectMethodHandle$Holder.newInvokeSpecial(Ljava/lang/Object;)Ljava/lang/Object;+15 java.base@21.0.3
J 907 c1 jdk.internal.reflect.DirectConstructorHandleAccessor.newInstance([Ljava/lang/Object;)Ljava/lang/Object; java.base@21.0.3 (130 bytes) @ 0x000002cb03e76f6c [0x000002cb03e76d60+0x000000000000020c]
J 906 c1 java.lang.reflect.Constructor.newInstanceWithCaller([Ljava/lang/Object;ZLjava/lang/Class;)Ljava/lang/Object; java.base@21.0.3 (51 bytes) @ 0x000002cb03e7103c [0x000002cb03e70f60+0x00000000000000dc]
J 3561 c1 org.springframework.beans.BeanUtils.instantiateClass(Ljava/lang/reflect/Constructor;[Ljava/lang/Object;)Ljava/lang/Object; (208 bytes) @ 0x000002cb0431be0c [0x000002cb0431b880+0x000000000000058c]
J 7083 c1 org.springframework.beans.factory.support.SimpleInstantiationStrategy.instantiate(Lorg/springframework/beans/factory/support/RootBeanDefinition;Ljava/lang/String;Lorg/springframework/beans/factory/BeanFactory;)Ljava/lang/Object; (123 bytes) @ 0x000002cb047d33ec [0x000002cb047d2f20+0x00000000000004cc]
J 7082 c1 org.springframework.beans.factory.support.AbstractAutowireCapableBeanFactory.instantiateBean(Ljava/lang/String;Lorg/springframework/beans/factory/support/RootBeanDefinition;)Lorg/springframework/beans/BeanWrapper; (51 bytes) @ 0x000002cb047d18f4 [0x000002cb047d1840+0x00000000000000b4]
J 5593 c1 org.springframework.beans.factory.support.AbstractAutowireCapableBeanFactory.createBeanInstance(Ljava/lang/String;Lorg/springframework/beans/factory/support/RootBeanDefinition;[Ljava/lang/Object;)Lorg/springframework/beans/BeanWrapper; (245 bytes) @ 0x000002cb0469c704 [0x000002cb0469c0c0+0x0000000000000644]
J 5592 c1 org.springframework.beans.factory.support.AbstractAutowireCapableBeanFactory.doCreateBean(Ljava/lang/String;Lorg/springframework/beans/factory/support/RootBeanDefinition;[Ljava/lang/Object;)Ljava/lang/Object; (469 bytes) @ 0x000002cb046a00cc [0x000002cb0469ff20+0x00000000000001ac]
J 5591 c1 org.springframework.beans.factory.support.AbstractAutowireCapableBeanFactory.createBean(Ljava/lang/String;Lorg/springframework/beans/factory/support/RootBeanDefinition;[Ljava/lang/Object;)Ljava/lang/Object; (214 bytes) @ 0x000002cb0469733c [0x000002cb04696e40+0x00000000000004fc]
J 5596 c1 org.springframework.beans.factory.support.AbstractBeanFactory$$Lambda+0x00000008003413f8.getObject()Ljava/lang/Object; (20 bytes) @ 0x000002cb0469b63c [0x000002cb0469b5a0+0x000000000000009c]
J 5590 c1 org.springframework.beans.factory.support.DefaultSingletonBeanRegistry.getSingleton(Ljava/lang/String;Lorg/springframework/beans/factory/ObjectFactory;)Ljava/lang/Object; (279 bytes) @ 0x000002cb04698bbc [0x000002cb04698860+0x000000000000035c]
J 3353 c1 org.springframework.beans.factory.support.AbstractBeanFactory.doGetBean(Ljava/lang/String;Ljava/lang/Class;[Ljava/lang/Object;Z)Ljava/lang/Object; (787 bytes) @ 0x000002cb042c0eb4 [0x000002cb042c0840+0x0000000000000674]
J 5294 c1 org.springframework.beans.factory.support.AbstractBeanFactory.getBean(Ljava/lang/String;)Ljava/lang/Object; (9 bytes) @ 0x000002cb04616f34 [0x000002cb04616ec0+0x0000000000000074]
j  org.springframework.beans.factory.support.DefaultListableBeanFactory.preInstantiateSingletons()V+152
j  org.springframework.context.support.AbstractApplicationContext.finishBeanFactoryInitialization(Lorg/springframework/beans/factory/config/ConfigurableListableBeanFactory;)V+173
j  org.springframework.context.support.AbstractApplicationContext.refresh()V+94
j  org.springframework.boot.web.servlet.context.ServletWebServerApplicationContext.refresh()V+1
j  org.springframework.boot.SpringApplication.refresh(Lorg/springframework/context/ConfigurableApplicationContext;)V+1
j  org.springframework.boot.SpringApplication.refreshContext(Lorg/springframework/context/ConfigurableApplicationContext;)V+16
j  org.springframework.boot.SpringApplication.run([Ljava/lang/String;)Lorg/springframework/context/ConfigurableApplicationContext;+110
j  org.springframework.boot.SpringApplication.run([Ljava/lang/Class;[Ljava/lang/String;)Lorg/springframework/context/ConfigurableApplicationContext;+9
j  org.springframework.boot.SpringApplication.run(Ljava/lang/Class;[Ljava/lang/String;)Lorg/springframework/context/ConfigurableApplicationContext;+9
j  com.kedu.firmware.SpringbootFirmwareApplication.main([Ljava/lang/String;)V+3
j  java.lang.invoke.LambdaForm$DMH+0x00000008000c4c00.invokeStatic(Ljava/lang/Object;Ljava/lang/Object;)V+10 java.base@21.0.3
j  java.lang.invoke.LambdaForm$MH+0x0000000800805000.invoke(Ljava/lang/Object;Ljava/lang/Object;Ljava/lang/Object;)Ljava/lang/Object;+33 java.base@21.0.3
J 5167 c1 jdk.internal.reflect.DirectMethodHandleAccessor.invoke(Ljava/lang/Object;[Ljava/lang/Object;)Ljava/lang/Object; java.base@21.0.3 (92 bytes) @ 0x000002cb045dc47c [0x000002cb045dc0c0+0x00000000000003bc]
J 5178 c1 java.lang.reflect.Method.invoke(Ljava/lang/Object;[Ljava/lang/Object;)Ljava/lang/Object; java.base@21.0.3 (108 bytes) @ 0x000002cb045e2274 [0x000002cb045e2080+0x00000000000001f4]
j  org.springframework.boot.devtools.restart.RestartLauncher.run()V+47
v  ~StubRoutines::call_stub 0x000002cb03a4100d

siginfo: EXCEPTION_ACCESS_VIOLATION (0xc0000005), reading address 0x000002cb7d202d78


Registers:
RAX=0x0000000000075f8a, RBX=0x000002cb1474d4a8, RCX=0x0000000000000015, RDX=0x000002cb7d116e64
RSP=0x000000ebf2ffdf40, RBP=0x000000ebf2ffe070, RSI=0x000000ebf2ffe240, RDI=0x000000ebf14fdc00
R8 =0x000000ebf14fdc00, R9 =0x000002cb7d0ca7b0, R10=0x000002cb03a40000, R11=0x000000ebf2ffe0e8
R12=0x000002cb0db2fb50, R13=0x000002cb0dcb0c70, R14=0x000002cb0d98a680, R15=0x0000000000000000
RIP=0x00007ff8ef1729e4, EFLAGS=0x0000000000010212


Register to memory mapping:

RAX=0x0000000000075f8a is an unknown value
RBX=0x000002cb1474d4a8 points into unknown readable memory: 0x00007ff8ef833540 | 40 35 83 ef f8 7f 00 00
RCX=0x0000000000000015 is an unknown value
RDX=0x000002cb7d116e64 points into unknown readable memory: 00 00 00 00
RSP=0x000000ebf2ffdf40 points into unknown readable memory: 0x000000ebf2ffe000 | 00 e0 ff f2 eb 00 00 00
RBP=0x000000ebf2ffe070 points into unknown readable memory: 0x000000eb00000000 | 00 00 00 00 eb 00 00 00
RSI=0x000000ebf2ffe240 points into unknown readable memory: 0x000000ebf14fdbf8 | f8 db 4f f1 eb 00 00 00
RDI=0x000000ebf14fdc00 is pointing into the stack for thread: 0x000002cb1459c5b0
R8 =0x000000ebf14fdc00 is pointing into the stack for thread: 0x000002cb1459c5b0
R9 =0x000002cb7d0ca7b0 points into unknown readable memory: 0x00007ff8ef82a5e8 | e8 a5 82 ef f8 7f 00 00
R10=0x000002cb03a40000 points into unknown readable memory: 0x0000000000000006 | 06 00 00 00 00 00 00 00
R11=0x000000ebf2ffe0e8 points into unknown readable memory: 0x00007ff8ef1229ad | ad 29 12 ef f8 7f 00 00
R12=0x000002cb0db2fb50 points into unknown readable memory: 0x4c2800321565ffff | ff ff 65 15 32 00 28 4c
R13=0x000002cb0dcb0c70 points into unknown readable memory: 0x0000000000000000 | 00 00 00 00 00 00 00 00
R14=0x000002cb0d98a680 points into unknown readable memory: 0x0000000000000002 | 02 00 00 00 00 00 00 00
R15=0x0 is null

Top of Stack: (sp=0x000000ebf2ffdf40)
0x000000ebf2ffdf40:   000000ebf2ffe000 000000ebf2ffe240
0x000000ebf2ffdf50:   000002cb0d7bb6d8 0000000000000000
0x000000ebf2ffdf60:   000002cb1474d4a8 00007ff8ef122f5b
0x000000ebf2ffdf70:   0000000000000001 000002cb0e3eefe0
0x000000ebf2ffdf80:   000002cb1474d4a8 000000ebf2ffe240
0x000000ebf2ffdf90:   0000000f00000301 000002cb0e3eefe0
0x000000ebf2ffdfa0:   000002cb129f5cd0 000002cb00000003
0x000000ebf2ffdfb0:   00000000000003d8 000002cb0dcb0c80
0x000000ebf2ffdfc0:   000002cb0dcb1058 000002cb0e3eefcf
0x000000ebf2ffdfd0:   000002cb000000b8 000002cb0e3eefe0
0x000000ebf2ffdfe0:   00007ff8ef828fa0 000000ebf2ffe240
0x000000ebf2ffdff0:   000002cb1474d4a8 0000000400000003
0x000000ebf2ffe000:   000002cb0db2fb50 0000001300000001
0x000000ebf2ffe010:   0000000000000032 000000010000000c
0x000000ebf2ffe020:   000002cb0d7bb6d8 0000000000000000
0x000000ebf2ffe030:   000002cb12d90804 000002cb00000002
0x000000ebf2ffe040:   0000000300000001 0000ffff09603000
0x000000ebf2ffe050:   00007ff8ef664c70 000002cb136b77b8
0x000000ebf2ffe060:   000002cb0e04da60 000000060dcb0013
0x000000ebf2ffe070:   000000eb00000000 0000000000000015
0x000000ebf2ffe080:   000002cb1474d4a8 00007ff8ef172a6e
0x000000ebf2ffe090:   0000000000000000 000000eb00000003
0x000000ebf2ffe0a0:   00005ea7d270f501 00007ff8ef133617
0x000000ebf2ffe0b0:   000002cb1474d4a8 00000000000003d8
0x000000ebf2ffe0c0:   000002cb0dcb1058 000000ebf2ffe240
0x000000ebf2ffe0d0:   000002cb1474d550 00007ff8ef664c70
0x000000ebf2ffe0e0:   000002cb1474d4a8 00007ff8ef1229ad
0x000000ebf2ffe0f0:   0000000000000000 000002cb1474d550
0x000000ebf2ffe100:   0000000000000000 00007ff8ef1fcc16
0x000000ebf2ffe110:   000000ebf2ffe170 000002cb04740a28
0x000000ebf2ffe120:   000002cb04740a98 00007ff8ef7640a0
0x000000ebf2ffe130:   000002cb1459c5b0 00007ff8ef5aa6a1 

Instructions: (pc=0x00007ff8ef1729e4)
0x00007ff8ef1728e4:   00 00 48 d3 e8 0f b7 14 42 0f b7 c2 66 c1 e8 08
0x00007ff8ef1728f4:   84 c0 78 3a 4c 8b 07 41 0f b6 c0 24 03 3c 03 75
0x00007ff8ef172904:   06 49 83 e0 fc eb 12 48 8b 4b 10 4d 8b c8 4c 8b
0x00007ff8ef172914:   c7 e8 96 1a ff ff 4c 8b c0 4c 2b 05 7c a6 8b 00
0x00007ff8ef172924:   8b 0d 7e a6 8b 00 49 d3 e8 44 89 06 eb 5a 3c fd
0x00007ff8ef172934:   75 37 41 8b 88 18 02 00 00 48 8b d7 49 8b 80 10
0x00007ff8ef172944:   02 00 00 48 d3 e0 8b 0d 80 78 92 00 48 2b d0 49
0x00007ff8ef172954:   8b 80 90 05 00 00 48 d3 ea 8b ca 80 7c 48 01 fd
0x00007ff8ef172964:   75 17 c6 44 48 01 ff eb 10 3c fc 75 0c 48 8b 4b
0x00007ff8ef172974:   10 48 8b d6 e8 f3 f2 ff ff 8b 53 18 4c 8b c7 48
0x00007ff8ef172984:   8b 4b 28 e8 54 59 fb ff 48 8b 4b 10 e8 cb f3 fe
0x00007ff8ef172994:   ff 48 8b 7c 24 30 48 8b 5c 24 38 48 83 c4 20 5e
0x00007ff8ef1729a4:   c3 cc cc cc cc cc cc cc cc cc cc cc 48 89 5c 24
0x00007ff8ef1729b4:   08 57 48 83 ec 20 4c 8b 02 48 8b fa 48 8b d9 4d
0x00007ff8ef1729c4:   85 c0 0f 84 a2 00 00 00 4c 8b 49 08 49 8b c0 41
0x00007ff8ef1729d4:   8b 89 b0 05 00 00 49 8b 91 a0 05 00 00 48 d3 e8
0x00007ff8ef1729e4:   0f b7 14 42 0f b7 c2 66 c1 e8 08 84 c0 78 29 49
0x00007ff8ef1729f4:   8b 08 0f b6 c1 24 03 3c 03 75 09 48 83 e1 fc 48
0x00007ff8ef172a04:   89 0f eb 5d 4c 8b c9 48 8b 4b 10 e8 9c 19 ff ff
0x00007ff8ef172a14:   48 8b c8 48 89 07 eb 49 3c fd 75 35 41 8b 89 18
0x00007ff8ef172a24:   02 00 00 49 8b 81 10 02 00 00 48 d3 e0 8b 0d 99
0x00007ff8ef172a34:   77 92 00 4c 2b c0 49 8b 81 90 05 00 00 49 d3 e8
0x00007ff8ef172a44:   41 8b c8 80 7c 48 01 fd 75 17 c6 44 48 01 ff eb
0x00007ff8ef172a54:   10 3c fc 75 0c 48 8b 4b 10 48 8b d7 e8 ab f1 ff
0x00007ff8ef172a64:   ff 48 8b 4b 10 e8 f2 f2 fe ff 48 8b 5c 24 30 48
0x00007ff8ef172a74:   83 c4 20 5f c3 cc cc cc cc cc cc cc 48 89 5c 24
0x00007ff8ef172a84:   08 57 48 83 ec 20 8b 02 48 8b fa 48 8b d9 85 c0
0x00007ff8ef172a94:   0f 84 c6 00 00 00 8b 0d 08 a5 8b 00 44 8b d0 4c
0x00007ff8ef172aa4:   8b 43 08 49 d3 e2 4c 03 15 ef a4 8b 00 49 8b c2
0x00007ff8ef172ab4:   41 8b 88 b0 05 00 00 49 8b 90 a0 05 00 00 48 d3
0x00007ff8ef172ac4:   e8 0f b7 14 42 0f b7 c2 66 c1 e8 08 84 c0 78 3a
0x00007ff8ef172ad4:   4d 8b 02 41 0f b6 c0 24 03 3c 03 75 06 49 83 e0 


Stack slot to memory mapping:

stack at sp + 0 slots: 0x000000ebf2ffe000 points into unknown readable memory: 0x000002cb0db2fb50 | 50 fb b2 0d cb 02 00 00
stack at sp + 1 slots: 0x000000ebf2ffe240 points into unknown readable memory: 0x000000ebf14fdbf8 | f8 db 4f f1 eb 00 00 00
stack at sp + 2 slots: 0x000002cb0d7bb6d8 points into unknown readable memory: 0x616a0010821fffff | ff ff 1f 82 10 00 6a 61
stack at sp + 3 slots: 0x0 is null
stack at sp + 4 slots: 0x000002cb1474d4a8 points into unknown readable memory: 0x00007ff8ef833540 | 40 35 83 ef f8 7f 00 00
stack at sp + 5 slots: 0x00007ff8ef122f5b jvm.dll
stack at sp + 6 slots: 0x0000000000000001 is an unknown value
stack at sp + 7 slots: {method} {0x000002cb0e3eefe8} 'newInvokeSpecial' '(Ljava/lang/Object;)Ljava/lang/Object;' in 'java/lang/invoke/DirectMethodHandle$Holder'


---------------  P R O C E S S  ---------------

Threads class SMR info:
_java_thread_list=0x000002cb1482a440, length=27, elements={
0x000002cb0d988130, 0x000002cb0d9891a0, 0x000002cb0d9f4c40, 0x000002cb0d98c420,
0x000002cb0d9f56c0, 0x000002cb0d9dbb70, 0x000002cb0d9dc7e0, 0x000002cb0dac7870,
0x000002cb0dc81570, 0x000002cb0dca2890, 0x000002cb0dca5c60, 0x000002cb127fe6d0,
0x000002cb12984730, 0x000002cb129e6420, 0x000002cb12ac3570, 0x000002cb1305c620,
0x000002cb13086bd0, 0x000002cb13087f80, 0x000002cb14599130, 0x000002cb14599e50,
0x000002cb145a00c0, 0x000002cb127238d0, 0x000002cb1459fa30, 0x000002cb1459c5b0,
0x000002cb1459cc40, 0x000002cb145997c0, 0x000002cb1459e680
}

Java Threads: ( => current thread )
  0x000002cb0d988130 JavaThread "Reference Handler"          daemon [_thread_blocked, id=15776, stack(0x000000ebf1d00000,0x000000ebf1e00000) (1024K)]
  0x000002cb0d9891a0 JavaThread "Finalizer"                  daemon [_thread_blocked, id=25324, stack(0x000000ebf1e00000,0x000000ebf1f00000) (1024K)]
  0x000002cb0d9f4c40 JavaThread "Signal Dispatcher"          daemon [_thread_blocked, id=11096, stack(0x000000ebf1f00000,0x000000ebf2000000) (1024K)]
  0x000002cb0d98c420 JavaThread "Attach Listener"            daemon [_thread_blocked, id=23560, stack(0x000000ebf2000000,0x000000ebf2100000) (1024K)]
  0x000002cb0d9f56c0 JavaThread "Service Thread"             daemon [_thread_blocked, id=26404, stack(0x000000ebf2100000,0x000000ebf2200000) (1024K)]
  0x000002cb0d9dbb70 JavaThread "Monitor Deflation Thread"   daemon [_thread_blocked, id=10080, stack(0x000000ebf2200000,0x000000ebf2300000) (1024K)]
  0x000002cb0d9dc7e0 JavaThread "C1 CompilerThread0"         daemon [_thread_blocked, id=11004, stack(0x000000ebf2300000,0x000000ebf2400000) (1024K)]
  0x000002cb0dac7870 JavaThread "Common-Cleaner"             daemon [_thread_blocked, id=20640, stack(0x000000ebf2400000,0x000000ebf2500000) (1024K)]
  0x000002cb0dc81570 JavaThread "JDWP Transport Listener: dt_socket" daemon [_thread_blocked, id=13448, stack(0x000000ebf2800000,0x000000ebf2900000) (1024K)]
  0x000002cb0dca2890 JavaThread "JDWP Event Helper Thread"   daemon [_thread_blocked, id=4780, stack(0x000000ebf2900000,0x000000ebf2a00000) (1024K)]
  0x000002cb0dca5c60 JavaThread "JDWP Command Reader"        daemon [_thread_in_native, id=25504, stack(0x000000ebf2a00000,0x000000ebf2b00000) (1024K)]
  0x000002cb127fe6d0 JavaThread "Notification Thread"        daemon [_thread_blocked, id=24548, stack(0x000000ebf2b00000,0x000000ebf2c00000) (1024K)]
  0x000002cb12984730 JavaThread "RMI TCP Accept-0"           daemon [_thread_in_native, id=25212, stack(0x000000ebf2c00000,0x000000ebf2d00000) (1024K)]
  0x000002cb129e6420 JavaThread "RMI TCP Accept-52032"       daemon [_thread_in_native, id=15964, stack(0x000000ebf2d00000,0x000000ebf2e00000) (1024K)]
  0x000002cb12ac3570 JavaThread "RMI TCP Accept-0"           daemon [_thread_in_native, id=21672, stack(0x000000ebf3700000,0x000000ebf3800000) (1024K)]
  0x000002cb1305c620 JavaThread "RMI Scheduler(0)"           daemon [_thread_blocked, id=14224, stack(0x000000ebf3b00000,0x000000ebf3c00000) (1024K)]
  0x000002cb13086bd0 JavaThread "RMI TCP Connection(15)-127.0.0.1" daemon [_thread_in_native, id=24808, stack(0x000000ebf3c00000,0x000000ebf3d00000) (1024K)]
  0x000002cb13087f80 JavaThread "JMX server connection timeout 43" daemon [_thread_blocked, id=18832, stack(0x000000ebf3d00000,0x000000ebf3e00000) (1024K)]
  0x000002cb14599130 JavaThread "Live Reload Server"         daemon [_thread_in_native, id=22292, stack(0x000000ebf4400000,0x000000ebf4500000) (1024K)]
  0x000002cb14599e50 JavaThread "DestroyJavaVM"                     [_thread_blocked, id=26540, stack(0x000000ebf1500000,0x000000ebf1600000) (1024K)]
  0x000002cb145a00c0 JavaThread "oracle.jdbc.driver.BlockSource.ThreadedCachingBlockSource.BlockReleaser" daemon [_thread_blocked, id=22040, stack(0x000000ebf2500000,0x000000ebf2600000) (1024K)]
  0x000002cb127238d0 JavaThread "InterruptTimer"             daemon [_thread_blocked, id=14496, stack(0x000000ebf2600000,0x000000ebf2700000) (1024K)]
  0x000002cb1459fa30 JavaThread "Thread-19"                         [_thread_blocked, id=19900, stack(0x000000ebf1200000,0x000000ebf1300000) (1024K)]
  0x000002cb1459c5b0 JavaThread "restartedMain"                     [_thread_blocked, id=11724, stack(0x000000ebf1400000,0x000000ebf1500000) (1024K)]
  0x000002cb1459cc40 JavaThread "Catalina-utility-1"                [_thread_blocked, id=17808, stack(0x000000ebf3a00000,0x000000ebf3b00000) (1024K)]
  0x000002cb145997c0 JavaThread "Catalina-utility-2"                [_thread_blocked, id=21396, stack(0x000000ebf4000000,0x000000ebf4100000) (1024K)]
  0x000002cb1459e680 JavaThread "container-0"                       [_thread_blocked, id=22572, stack(0x000000ebf4100000,0x000000ebf4200000) (1024K)]
Total: 27

Other Threads:
  0x000002cb0d8f5030 VMThread "VM Thread"                           [id=9920, stack(0x000000ebf1c00000,0x000000ebf1d00000) (1024K)]
  0x000002cb0d8985d0 WatcherThread "VM Periodic Task Thread"        [id=9016, stack(0x000000ebf1b00000,0x000000ebf1c00000) (1024K)]
  0x000002cb7d11ee80 WorkerThread "GC Thread#0"                     [id=18744, stack(0x000000ebf1600000,0x000000ebf1700000) (1024K)]
  0x000002cb129f5930 WorkerThread "GC Thread#1"                     [id=20620, stack(0x000000ebf2e00000,0x000000ebf2f00000) (1024K)]
=>0x000002cb129f5cd0 WorkerThread "GC Thread#2"                     [id=19152, stack(0x000000ebf2f00000,0x000000ebf3000000) (1024K)]
  0x000002cb129f6070 WorkerThread "GC Thread#3"                     [id=25840, stack(0x000000ebf3000000,0x000000ebf3100000) (1024K)]
  0x000002cb129f6410 WorkerThread "GC Thread#4"                     [id=23644, stack(0x000000ebf3100000,0x000000ebf3200000) (1024K)]
  0x000002cb12a7efc0 WorkerThread "GC Thread#5"                     [id=19560, stack(0x000000ebf3200000,0x000000ebf3300000) (1024K)]
  0x000002cb12a7f360 WorkerThread "GC Thread#6"                     [id=26256, stack(0x000000ebf3300000,0x000000ebf3400000) (1024K)]
  0x000002cb12a7ff10 WorkerThread "GC Thread#7"                     [id=23792, stack(0x000000ebf3400000,0x000000ebf3500000) (1024K)]
  0x000002cb12a82140 WorkerThread "GC Thread#8"                     [id=26284, stack(0x000000ebf3500000,0x000000ebf3600000) (1024K)]
  0x000002cb12a81660 WorkerThread "GC Thread#9"                     [id=21524, stack(0x000000ebf3600000,0x000000ebf3700000) (1024K)]
  0x000002cb7d130e70 ConcurrentGCThread "G1 Main Marker"            [id=23484, stack(0x000000ebf1700000,0x000000ebf1800000) (1024K)]
  0x000002cb7d133130 WorkerThread "G1 Conc#0"                       [id=16884, stack(0x000000ebf1800000,0x000000ebf1900000) (1024K)]
  0x000002cb12a824e0 WorkerThread "G1 Conc#1"                       [id=24388, stack(0x000000ebf3e00000,0x000000ebf3f00000) (1024K)]
  0x000002cb12a80f20 WorkerThread "G1 Conc#2"                       [id=13376, stack(0x000000ebf3f00000,0x000000ebf4000000) (1024K)]
  0x000002cb0d76d9b0 ConcurrentGCThread "G1 Refine#0"               [id=24032, stack(0x000000ebf1900000,0x000000ebf1a00000) (1024K)]
  0x000002cb0d76e520 ConcurrentGCThread "G1 Service"                [id=22400, stack(0x000000ebf1a00000,0x000000ebf1b00000) (1024K)]
Total: 18

Threads with active compile tasks:
Total: 0

VM state: at safepoint (normal execution)

VM Mutex/Monitor currently owned by a thread:  ([mutex/lock_event])
[0x00007ff8efab2128] Threads_lock - owner thread: 0x000002cb0d8f5030
[0x00007ff8efab2228] Heap_lock - owner thread: 0x000002cb0dc81570

Heap address: 0x0000000709c00000, size: 3940 MB, Compressed Oops mode: Zero based, Oop shift amount: 3

CDS archive(s) not mapped
Compressed class space mapped at: 0x0000000800000000-0x0000000840000000, reserved size: 1073741824
Narrow klass base: 0x0000000800000000, Narrow klass shift: 0, Narrow klass range: 0x40000000

GC Precious Log:
 CardTable entry size: 512
 Card Set container configuration: InlinePtr #cards 4 size 8 Array Of Cards #cards 16 size 48 Howl #buckets 8 coarsen threshold 3686 Howl Bitmap #cards 512 size 80 coarsen threshold 460 Card regions per heap region 1 cards per card region 4096
 CPUs: 12 total, 12 available
 Memory: 15755M
 Large Page Support: Disabled
 NUMA Support: Disabled
 Compressed Oops: Enabled (Zero based)
 Heap Region Size: 2M
 Heap Min Capacity: 8M
 Heap Initial Capacity: 248M
 Heap Max Capacity: 3940M
 Pre-touch: Disabled
 Parallel Workers: 10
 Concurrent Workers: 3
 Concurrent Refinement Workers: 10
 Periodic GC: Disabled

Heap:
 garbage-first heap   total 81920K, used 70405K [0x0000000709c00000, 0x0000000800000000)
  region size 2048K, 23 young (47104K), 1 survivors (2048K)
 Metaspace       used 64575K, committed 65280K, reserved 1114112K
  class space    used 7866K, committed 8192K, reserved 1048576K

Heap Regions: E=young(eden), S=young(survivor), O=old, HS=humongous(starts), HC=humongous(continues), CS=collection set, F=free, TAMS=top-at-mark-start, PB=parsable bottom
|   0|0x0000000709c00000, 0x0000000709dfff88, 0x0000000709e00000| 99%| O|  |TAMS 0x0000000709c00000| PB 0x0000000709c00000| Untracked 
|   1|0x0000000709e00000, 0x000000070a000000, 0x000000070a000000|100%| O|  |TAMS 0x0000000709e00000| PB 0x0000000709e00000| Untracked 
|   2|0x000000070a000000, 0x000000070a1ffed0, 0x000000070a200000| 99%| O|  |TAMS 0x000000070a000000| PB 0x000000070a000000| Untracked 
|   3|0x000000070a200000, 0x000000070a3fff78, 0x000000070a400000| 99%| O|  |TAMS 0x000000070a200000| PB 0x000000070a200000| Untracked 
|   4|0x000000070a400000, 0x000000070a5ffff0, 0x000000070a600000| 99%| O|  |TAMS 0x000000070a400000| PB 0x000000070a400000| Untracked 
|   5|0x000000070a600000, 0x000000070a7fffe0, 0x000000070a800000| 99%| O|  |TAMS 0x000000070a600000| PB 0x000000070a600000| Untracked 
|   6|0x000000070a800000, 0x000000070a9c5200, 0x000000070aa00000| 88%| O|  |TAMS 0x000000070a800000| PB 0x000000070a800000| Untracked 
|   7|0x000000070aa00000, 0x000000070abffff8, 0x000000070ac00000| 99%| O|  |TAMS 0x000000070aa00000| PB 0x000000070aa00000| Untracked 
|   8|0x000000070ac00000, 0x000000070adfffd8, 0x000000070ae00000| 99%| O|  |TAMS 0x000000070ac00000| PB 0x000000070ac00000| Untracked 
|   9|0x000000070ae00000, 0x000000070afdc310, 0x000000070b000000| 93%| O|  |TAMS 0x000000070ae00000| PB 0x000000070ae00000| Untracked 
|  10|0x000000070b000000, 0x000000070b15f980, 0x000000070b200000| 68%| O|  |TAMS 0x000000070b000000| PB 0x000000070b000000| Untracked 
|  11|0x000000070b200000, 0x000000070b400000, 0x000000070b400000|100%| O|  |TAMS 0x000000070b200000| PB 0x000000070b200000| Untracked 
|  12|0x000000070b400000, 0x000000070b400090, 0x000000070b600000|  0%| O|  |TAMS 0x000000070b400000| PB 0x000000070b400000| Untracked 
|  13|0x000000070b600000, 0x000000070b765380, 0x000000070b800000| 69%| O|  |TAMS 0x000000070b600000| PB 0x000000070b600000| Untracked 
|  14|0x000000070b800000, 0x000000070b9c07d0, 0x000000070ba00000| 87%| E|CS|TAMS 0x000000070b800000| PB 0x000000070b800000| Complete 
|  15|0x000000070ba00000, 0x000000070bc00000, 0x000000070bc00000|100%| E|CS|TAMS 0x000000070ba00000| PB 0x000000070ba00000| Complete 
|  16|0x000000070bc00000, 0x000000070bc00000, 0x000000070be00000|  0%| F|  |TAMS 0x000000070bc00000| PB 0x000000070bc00000| Untracked 
|  17|0x000000070be00000, 0x000000070beb9af8, 0x000000070c000000| 36%| S|  |TAMS 0x000000070be00000| PB 0x000000070be00000| Complete 
|  18|0x000000070c000000, 0x000000070c200000, 0x000000070c200000|100%| E|CS|TAMS 0x000000070c000000| PB 0x000000070c000000| Complete 
|  19|0x000000070c200000, 0x000000070c400000, 0x000000070c400000|100%| E|CS|TAMS 0x000000070c200000| PB 0x000000070c200000| Complete 
|  20|0x000000070c400000, 0x000000070c600000, 0x000000070c600000|100%| E|CS|TAMS 0x000000070c400000| PB 0x000000070c400000| Complete 
|  21|0x000000070c600000, 0x000000070c800000, 0x000000070c800000|100%| E|CS|TAMS 0x000000070c600000| PB 0x000000070c600000| Complete 
|  22|0x000000070c800000, 0x000000070ca00000, 0x000000070ca00000|100%| E|CS|TAMS 0x000000070c800000| PB 0x000000070c800000| Complete 
|  23|0x000000070ca00000, 0x000000070cc00000, 0x000000070cc00000|100%| E|CS|TAMS 0x000000070ca00000| PB 0x000000070ca00000| Complete 
|  24|0x000000070cc00000, 0x000000070ce00000, 0x000000070ce00000|100%| E|CS|TAMS 0x000000070cc00000| PB 0x000000070cc00000| Complete 
|  25|0x000000070ce00000, 0x000000070d000000, 0x000000070d000000|100%| E|CS|TAMS 0x000000070ce00000| PB 0x000000070ce00000| Complete 
|  26|0x000000070d000000, 0x000000070d200000, 0x000000070d200000|100%| E|CS|TAMS 0x000000070d000000| PB 0x000000070d000000| Complete 
|  27|0x000000070d200000, 0x000000070d400000, 0x000000070d400000|100%| E|CS|TAMS 0x000000070d200000| PB 0x000000070d200000| Complete 
|  28|0x000000070d400000, 0x000000070d600000, 0x000000070d600000|100%| E|CS|TAMS 0x000000070d400000| PB 0x000000070d400000| Complete 
|  29|0x000000070d600000, 0x000000070d800000, 0x000000070d800000|100%| E|CS|TAMS 0x000000070d600000| PB 0x000000070d600000| Complete 
|  30|0x000000070d800000, 0x000000070da00000, 0x000000070da00000|100%| E|CS|TAMS 0x000000070d800000| PB 0x000000070d800000| Complete 
|  31|0x000000070da00000, 0x000000070dc00000, 0x000000070dc00000|100%| E|CS|TAMS 0x000000070da00000| PB 0x000000070da00000| Complete 
|  32|0x000000070dc00000, 0x000000070de00000, 0x000000070de00000|100%| E|CS|TAMS 0x000000070dc00000| PB 0x000000070dc00000| Complete 
|  33|0x000000070de00000, 0x000000070e000000, 0x000000070e000000|100%| E|CS|TAMS 0x000000070de00000| PB 0x000000070de00000| Complete 
|  34|0x000000070e000000, 0x000000070e200000, 0x000000070e200000|100%| E|CS|TAMS 0x000000070e000000| PB 0x000000070e000000| Complete 
|  35|0x000000070e200000, 0x000000070e400000, 0x000000070e400000|100%| E|CS|TAMS 0x000000070e200000| PB 0x000000070e200000| Complete 
|  36|0x000000070e400000, 0x000000070e600000, 0x000000070e600000|100%| E|CS|TAMS 0x000000070e400000| PB 0x000000070e400000| Complete 
|  37|0x000000070e600000, 0x000000070e800000, 0x000000070e800000|100%| E|CS|TAMS 0x000000070e600000| PB 0x000000070e600000| Complete 
|  38|0x000000070e800000, 0x000000070ea00000, 0x000000070ea00000|100%| E|CS|TAMS 0x000000070e800000| PB 0x000000070e800000| Complete 
|  39|0x000000070ea00000, 0x000000070ec00000, 0x000000070ec00000|100%| E|CS|TAMS 0x000000070ea00000| PB 0x000000070ea00000| Complete 

Card table byte_map: [0x000002cb06a40000,0x000002cb07200000] _byte_map_base: 0x000002cb031f2000

Marking Bits: (CMBitMap*) 0x000002cb7d11f580
 Bits: [0x000002cb07200000, 0x000002cb0af90000)

Polling page: 0x000002cb7d170000

Metaspace:

Usage:
  Non-class:     55.38 MB used.
      Class:      7.68 MB used.
       Both:     63.06 MB used.

Virtual space:
  Non-class space:       64.00 MB reserved,      55.75 MB ( 87%) committed,  1 nodes.
      Class space:        1.00 GB reserved,       8.00 MB ( <1%) committed,  1 nodes.
             Both:        1.06 GB reserved,      63.75 MB (  6%) committed. 

Chunk freelists:
   Non-Class:  8.28 MB
       Class:  7.88 MB
        Both:  16.16 MB

MaxMetaspaceSize: unlimited
CompressedClassSpaceSize: 1.00 GB
Initial GC threshold: 21.00 MB
Current GC threshold: 105.44 MB
CDS: off
 - commit_granule_bytes: 65536.
 - commit_granule_words: 8192.
 - virtual_space_node_default_size: 8388608.
 - enlarge_chunks_in_place: 1.
 - use_allocation_guard: 0.


Internal statistics:

num_allocs_failed_limit: 9.
num_arena_births: 1536.
num_arena_deaths: 686.
num_vsnodes_births: 2.
num_vsnodes_deaths: 0.
num_space_committed: 1022.
num_space_uncommitted: 1.
num_chunks_returned_to_freelist: 893.
num_chunks_taken_from_freelist: 3916.
num_chunk_merges: 202.
num_chunk_splits: 2199.
num_chunks_enlarged: 1435.
num_inconsistent_stats: 0.

CodeCache: size=49152Kb used=14743Kb max_used=16825Kb free=34408Kb
 bounds [0x000002cb03a40000, 0x000002cb04b40000, 0x000002cb06a40000]
 total_blobs=7806 nmethods=7084 adapters=646
 compilation: enabled
              stopped_count=0, restarted_count=0
 full_count=0

Compilation events (20 events):
Event: 652.945 Thread 0x000002cb14aea2d0 8786       1       org.springframework.cglib.proxy.Enhancer::getThisType (26 bytes)
Event: 652.946 Thread 0x000002cb14aea2d0 nmethod 8786 0x000002cb044d4a90 code [0x000002cb044d4c60, 0x000002cb044d4de8]
Event: 652.949 Thread 0x000002cb0d9dc7e0 8787       1       org.springframework.cglib.core.CodeEmitter::make_local (8 bytes)
Event: 652.949 Thread 0x000002cb14ae9c00 8788       1       org.springframework.cglib.core.CodeEmitter::make_local (17 bytes)
Event: 652.949 Thread 0x000002cb14aea2d0 8789       1       org.springframework.cglib.core.LocalVariablesSorter::newLocal (23 bytes)
Event: 652.949 Thread 0x000002cb14aea2d0 nmethod 8789 0x000002cb044af210 code [0x000002cb044af3a0, 0x000002cb044af480]
Event: 652.949 Thread 0x000002cb14aea2d0 8790       1       org.springframework.cglib.core.Local::<init> (15 bytes)
Event: 652.949 Thread 0x000002cb14ae9c00 nmethod 8788 0x000002cb04466690 code [0x000002cb04466840, 0x000002cb04466a18]
Event: 652.949 Thread 0x000002cb0d9dc7e0 nmethod 8787 0x000002cb04653510 code [0x000002cb046536c0, 0x000002cb046538a0]
Event: 652.950 Thread 0x000002cb14aea2d0 nmethod 8790 0x000002cb043f0d10 code [0x000002cb043f0ea0, 0x000002cb043f0fc0]
Event: 652.951 Thread 0x000002cb14ae9c00 8791   !   1       jdk.proxy2.$Proxy23::annotationType (29 bytes)
Event: 652.951 Thread 0x000002cb14ae9c00 nmethod 8791 0x000002cb04666a10 code [0x000002cb04666be0, 0x000002cb04666e50]
Event: 652.958 Thread 0x000002cb14ae9c00 8792       1       org.springframework.cglib.core.TypeUtils::emulateClassGetName (24 bytes)
Event: 652.958 Thread 0x000002cb14ae9c00 nmethod 8792 0x000002cb04519c90 code [0x000002cb04519e60, 0x000002cb04519fd8]
Event: 672.832 Thread 0x000002cb0d9dc7e0 8793   !   1       org.apache.catalina.core.StandardContext::getLoader (38 bytes)
Event: 672.833 Thread 0x000002cb0d9dc7e0 nmethod 8793 0x000002cb045e1690 code [0x000002cb045e1880, 0x000002cb045e1bd8]
Event: 672.833 Thread 0x000002cb0d9dc7e0 8794       1       org.apache.catalina.core.StandardWrapper::getServlet (5 bytes)
Event: 672.833 Thread 0x000002cb0d9dc7e0 nmethod 8794 0x000002cb044c2b90 code [0x000002cb044c2d20, 0x000002cb044c2df0]
Event: 692.839 Thread 0x000002cb0d9dc7e0 8795       1       org.apache.catalina.webresources.Cache$$Lambda/0x00000008007b3210::applyAsLong (8 bytes)
Event: 692.840 Thread 0x000002cb0d9dc7e0 nmethod 8795 0x000002cb04416410 code [0x000002cb044165a0, 0x000002cb044166b0]

GC Heap History (20 events):
Event: 310.334 GC heap after
{Heap after GC invocations=22 (full 1):
 garbage-first heap   total 81920K, used 27827K [0x0000000709c00000, 0x0000000800000000)
  region size 2048K, 2 young (4096K), 2 survivors (4096K)
 Metaspace       used 63584K, committed 64448K, reserved 1114112K
  class space    used 7790K, committed 8192K, reserved 1048576K
}
Event: 512.177 GC heap before
{Heap before GC invocations=22 (full 1):
 garbage-first heap   total 81920K, used 50355K [0x0000000709c00000, 0x0000000800000000)
  region size 2048K, 14 young (28672K), 2 survivors (4096K)
 Metaspace       used 63623K, committed 64512K, reserved 1114112K
  class space    used 7791K, committed 8192K, reserved 1048576K
}
Event: 512.207 GC heap after
{Heap after GC invocations=23 (full 2):
 garbage-first heap   total 69632K, used 18022K [0x0000000709c00000, 0x0000000800000000)
  region size 2048K, 0 young (0K), 0 survivors (0K)
 Metaspace       used 63110K, committed 64512K, reserved 1114112K
  class space    used 7663K, committed 8192K, reserved 1048576K
}
Event: 514.307 GC heap before
{Heap before GC invocations=23 (full 2):
 garbage-first heap   total 69632K, used 58982K [0x0000000709c00000, 0x0000000800000000)
  region size 2048K, 20 young (40960K), 0 survivors (0K)
 Metaspace       used 63447K, committed 64512K, reserved 1114112K
  class space    used 7735K, committed 8192K, reserved 1048576K
}
Event: 514.311 GC heap after
{Heap after GC invocations=24 (full 2):
 garbage-first heap   total 69632K, used 22622K [0x0000000709c00000, 0x0000000800000000)
  region size 2048K, 3 young (6144K), 3 survivors (6144K)
 Metaspace       used 63447K, committed 64512K, reserved 1114112K
  class space    used 7735K, committed 8192K, reserved 1048576K
}
Event: 514.396 GC heap before
{Heap before GC invocations=24 (full 2):
 garbage-first heap   total 69632K, used 51294K [0x0000000709c00000, 0x0000000800000000)
  region size 2048K, 18 young (36864K), 3 survivors (6144K)
 Metaspace       used 63494K, committed 64512K, reserved 1114112K
  class space    used 7743K, committed 8192K, reserved 1048576K
}
Event: 514.399 GC heap after
{Heap after GC invocations=25 (full 2):
 garbage-first heap   total 69632K, used 23172K [0x0000000709c00000, 0x0000000800000000)
  region size 2048K, 1 young (2048K), 1 survivors (2048K)
 Metaspace       used 63494K, committed 64512K, reserved 1114112K
  class space    used 7743K, committed 8192K, reserved 1048576K
}
Event: 514.534 GC heap before
{Heap before GC invocations=25 (full 2):
 garbage-first heap   total 69632K, used 55940K [0x0000000709c00000, 0x0000000800000000)
  region size 2048K, 17 young (34816K), 1 survivors (2048K)
 Metaspace       used 63919K, committed 64704K, reserved 1114112K
  class space    used 7778K, committed 8192K, reserved 1048576K
}
Event: 514.536 GC heap after
{Heap after GC invocations=26 (full 2):
 garbage-first heap   total 83968K, used 24325K [0x0000000709c00000, 0x0000000800000000)
  region size 2048K, 2 young (4096K), 2 survivors (4096K)
 Metaspace       used 63919K, committed 64704K, reserved 1114112K
  class space    used 7778K, committed 8192K, reserved 1048576K
}
Event: 554.011 GC heap before
{Heap before GC invocations=26 (full 2):
 garbage-first heap   total 83968K, used 48901K [0x0000000709c00000, 0x0000000800000000)
  region size 2048K, 15 young (30720K), 2 survivors (4096K)
 Metaspace       used 64085K, committed 64896K, reserved 1114112K
  class space    used 7809K, committed 8192K, reserved 1048576K
}
Event: 554.047 GC heap after
{Heap after GC invocations=27 (full 3):
 garbage-first heap   total 83968K, used 20981K [0x0000000709c00000, 0x0000000800000000)
  region size 2048K, 0 young (0K), 0 survivors (0K)
 Metaspace       used 63308K, committed 64768K, reserved 1114112K
  class space    used 7716K, committed 8192K, reserved 1048576K
}
Event: 555.533 GC heap before
{Heap before GC invocations=27 (full 3):
 garbage-first heap   total 83968K, used 66037K [0x0000000709c00000, 0x0000000800000000)
  region size 2048K, 23 young (47104K), 0 survivors (0K)
 Metaspace       used 63570K, committed 64768K, reserved 1114112K
  class space    used 7762K, committed 8192K, reserved 1048576K
}
Event: 555.535 GC heap after
{Heap after GC invocations=28 (full 3):
 garbage-first heap   total 83968K, used 24783K [0x0000000709c00000, 0x0000000800000000)
  region size 2048K, 2 young (4096K), 2 survivors (4096K)
 Metaspace       used 63570K, committed 64768K, reserved 1114112K
  class space    used 7762K, committed 8192K, reserved 1048576K
}
Event: 555.626 GC heap before
{Heap before GC invocations=28 (full 3):
 garbage-first heap   total 83968K, used 65743K [0x0000000709c00000, 0x0000000800000000)
  region size 2048K, 23 young (47104K), 2 survivors (4096K)
 Metaspace       used 63702K, committed 64768K, reserved 1114112K
  class space    used 7772K, committed 8192K, reserved 1048576K
}
Event: 555.629 GC heap after
{Heap after GC invocations=29 (full 3):
 garbage-first heap   total 83968K, used 25324K [0x0000000709c00000, 0x0000000800000000)
  region size 2048K, 1 young (2048K), 1 survivors (2048K)
 Metaspace       used 63702K, committed 64768K, reserved 1114112K
  class space    used 7772K, committed 8192K, reserved 1048576K
}
Event: 652.402 GC heap before
{Heap before GC invocations=29 (full 3):
 garbage-first heap   total 83968K, used 64236K [0x0000000709c00000, 0x0000000800000000)
  region size 2048K, 21 young (43008K), 1 survivors (2048K)
 Metaspace       used 63994K, committed 64768K, reserved 1114112K
  class space    used 7793K, committed 8192K, reserved 1048576K
}
Event: 652.434 GC heap after
{Heap after GC invocations=30 (full 4):
 garbage-first heap   total 81920K, used 21507K [0x0000000709c00000, 0x0000000800000000)
  region size 2048K, 0 young (0K), 0 survivors (0K)
 Metaspace       used 63940K, committed 64768K, reserved 1114112K
  class space    used 7784K, committed 8192K, reserved 1048576K
}
Event: 652.868 GC heap before
{Heap before GC invocations=30 (full 4):
 garbage-first heap   total 81920K, used 68611K [0x0000000709c00000, 0x0000000800000000)
  region size 2048K, 24 young (49152K), 0 survivors (0K)
 Metaspace       used 64208K, committed 64960K, reserved 1114112K
  class space    used 7842K, committed 8192K, reserved 1048576K
}
Event: 652.870 GC heap after
{Heap after GC invocations=31 (full 4):
 garbage-first heap   total 81920K, used 25349K [0x0000000709c00000, 0x0000000800000000)
  region size 2048K, 2 young (4096K), 2 survivors (4096K)
 Metaspace       used 64208K, committed 64960K, reserved 1114112K
  class space    used 7842K, committed 8192K, reserved 1048576K
}
Event: 731.635 GC heap before
{Heap before GC invocations=31 (full 4):
 garbage-first heap   total 81920K, used 70405K [0x0000000709c00000, 0x0000000800000000)
  region size 2048K, 24 young (49152K), 2 survivors (4096K)
 Metaspace       used 64575K, committed 65280K, reserved 1114112K
  class space    used 7866K, committed 8192K, reserved 1048576K
}

Dll operation events (12 events):
Event: 0.013 Loaded shared library C:\STS4\sts-4.23.1.RELEASE\plugins\org.eclipse.justj.openjdk.hotspot.jre.full.win32.x86_64_21.0.3.v20240426-1530\jre\bin\java.dll
Event: 0.017 Loaded shared library C:\STS4\sts-4.23.1.RELEASE\plugins\org.eclipse.justj.openjdk.hotspot.jre.full.win32.x86_64_21.0.3.v20240426-1530\jre\bin\zip.dll
Event: 0.208 Loaded shared library C:\STS4\sts-4.23.1.RELEASE\plugins\org.eclipse.justj.openjdk.hotspot.jre.full.win32.x86_64_21.0.3.v20240426-1530\jre\bin\instrument.dll
Event: 0.218 Loaded shared library C:\STS4\sts-4.23.1.RELEASE\plugins\org.eclipse.justj.openjdk.hotspot.jre.full.win32.x86_64_21.0.3.v20240426-1530\jre\bin\net.dll
Event: 0.220 Loaded shared library C:\STS4\sts-4.23.1.RELEASE\plugins\org.eclipse.justj.openjdk.hotspot.jre.full.win32.x86_64_21.0.3.v20240426-1530\jre\bin\nio.dll
Event: 0.227 Loaded shared library C:\STS4\sts-4.23.1.RELEASE\plugins\org.eclipse.justj.openjdk.hotspot.jre.full.win32.x86_64_21.0.3.v20240426-1530\jre\bin\zip.dll
Event: 0.359 Loaded shared library C:\STS4\sts-4.23.1.RELEASE\plugins\org.eclipse.justj.openjdk.hotspot.jre.full.win32.x86_64_21.0.3.v20240426-1530\jre\bin\jimage.dll
Event: 0.410 Loaded shared library C:\STS4\sts-4.23.1.RELEASE\plugins\org.eclipse.justj.openjdk.hotspot.jre.full.win32.x86_64_21.0.3.v20240426-1530\jre\bin\management.dll
Event: 0.422 Loaded shared library C:\STS4\sts-4.23.1.RELEASE\plugins\org.eclipse.justj.openjdk.hotspot.jre.full.win32.x86_64_21.0.3.v20240426-1530\jre\bin\management_ext.dll
Event: 0.637 Loaded shared library C:\STS4\sts-4.23.1.RELEASE\plugins\org.eclipse.justj.openjdk.hotspot.jre.full.win32.x86_64_21.0.3.v20240426-1530\jre\bin\extnet.dll
Event: 0.662 Loaded shared library C:\STS4\sts-4.23.1.RELEASE\plugins\org.eclipse.justj.openjdk.hotspot.jre.full.win32.x86_64_21.0.3.v20240426-1530\jre\bin\verify.dll
Event: 1.677 Loaded shared library C:\STS4\sts-4.23.1.RELEASE\plugins\org.eclipse.justj.openjdk.hotspot.jre.full.win32.x86_64_21.0.3.v20240426-1530\jre\bin\sunmscapi.dll

Deoptimization events (20 events):
Event: 656.764 Thread 0x000002cb1459c5b0 DEOPT PACKING pc=0x000002cb03e88eb4 sp=0x000000ebf14fdc00
Event: 656.764 Thread 0x000002cb1459c5b0 DEOPT UNPACKING pc=0x000002cb03a94e42 sp=0x000000ebf14fd0b8 mode 0
Event: 708.145 Thread 0x000002cb0dc81570 DEOPT PACKING pc=0x000002cb0427476c sp=0x000000ebf28fb7b0
Event: 708.145 Thread 0x000002cb0dc81570 DEOPT UNPACKING pc=0x000002cb03a94e42 sp=0x000000ebf28face8 mode 1
Event: 708.145 Thread 0x000002cb0dc81570 DEOPT PACKING pc=0x000002cb04275f74 sp=0x000000ebf28fb8a0
Event: 708.145 Thread 0x000002cb0dc81570 DEOPT UNPACKING pc=0x000002cb03a94e42 sp=0x000000ebf28fae50 mode 1
Event: 708.145 Thread 0x000002cb0dc81570 DEOPT PACKING pc=0x000002cb0427972c sp=0x000000ebf28fba10
Event: 708.145 Thread 0x000002cb0dc81570 DEOPT UNPACKING pc=0x000002cb03a94e42 sp=0x000000ebf28fafd0 mode 1
Event: 708.145 Thread 0x000002cb0dc81570 DEOPT PACKING pc=0x000002cb0427476c sp=0x000000ebf28fb7b0
Event: 708.145 Thread 0x000002cb0dc81570 DEOPT UNPACKING pc=0x000002cb03a94e42 sp=0x000000ebf28face8 mode 1
Event: 708.146 Thread 0x000002cb0dc81570 DEOPT PACKING pc=0x000002cb04275f74 sp=0x000000ebf28fb8a0
Event: 708.146 Thread 0x000002cb0dc81570 DEOPT UNPACKING pc=0x000002cb03a94e42 sp=0x000000ebf28fae50 mode 1
Event: 708.146 Thread 0x000002cb0dc81570 DEOPT PACKING pc=0x000002cb0427972c sp=0x000000ebf28fba10
Event: 708.146 Thread 0x000002cb0dc81570 DEOPT UNPACKING pc=0x000002cb03a94e42 sp=0x000000ebf28fafd0 mode 1
Event: 708.146 Thread 0x000002cb0dc81570 DEOPT PACKING pc=0x000002cb0427476c sp=0x000000ebf28fb7b0
Event: 708.146 Thread 0x000002cb0dc81570 DEOPT UNPACKING pc=0x000002cb03a94e42 sp=0x000000ebf28face8 mode 1
Event: 708.146 Thread 0x000002cb0dc81570 DEOPT PACKING pc=0x000002cb04275f74 sp=0x000000ebf28fb8a0
Event: 708.146 Thread 0x000002cb0dc81570 DEOPT UNPACKING pc=0x000002cb03a94e42 sp=0x000000ebf28fae50 mode 1
Event: 708.146 Thread 0x000002cb0dc81570 DEOPT PACKING pc=0x000002cb0427972c sp=0x000000ebf28fba10
Event: 708.146 Thread 0x000002cb0dc81570 DEOPT UNPACKING pc=0x000002cb03a94e42 sp=0x000000ebf28fafd0 mode 1

Classes loaded (20 events):
Event: 111.233 Loading class java/net/Proxy
Event: 111.233 Loading class java/net/Proxy done
Event: 111.233 Loading class java/net/Proxy$Type
Event: 111.233 Loading class java/net/Proxy$Type done
Event: 111.233 Loading class sun/net/spi/DefaultProxySelector$1
Event: 111.233 Loading class sun/net/spi/DefaultProxySelector$1 done
Event: 111.233 Loading class sun/net/spi/DefaultProxySelector$NonProxyInfo
Event: 111.233 Loading class sun/net/spi/DefaultProxySelector$NonProxyInfo done
Event: 111.234 Loading class sun/net/spi/DefaultProxySelector$3
Event: 111.234 Loading class sun/net/spi/DefaultProxySelector$3 done
Event: 111.234 Loading class java/util/concurrent/locks/AbstractQueuedSynchronizer$SharedNode
Event: 111.234 Loading class java/util/concurrent/locks/AbstractQueuedSynchronizer$SharedNode done
Event: 111.257 Loading class java/util/WeakHashMap$KeyIterator
Event: 111.257 Loading class java/util/WeakHashMap$KeyIterator done
Event: 111.288 Loading class java/lang/ref/Finalizer$2
Event: 111.289 Loading class java/lang/ref/Finalizer$2 done
Event: 111.289 Loading class java/lang/ref/Finalizer$1
Event: 111.289 Loading class java/lang/ref/Finalizer$1 done
Event: 514.543 Loading class java/time/DurationEditor
Event: 514.543 Loading class java/time/DurationEditor done

Classes unloaded (20 events):
Event: 554.020 Thread 0x000002cb0d8f5030 Unloading class 0x000000080022b800 'java/lang/invoke/LambdaForm$MH+0x000000080022b800'
Event: 554.020 Thread 0x000002cb0d8f5030 Unloading class 0x000000080014b400 'java/lang/invoke/LambdaForm$MH+0x000000080014b400'
Event: 554.020 Thread 0x000002cb0d8f5030 Unloading class 0x000000080014b000 'java/lang/invoke/LambdaForm$MH+0x000000080014b000'
Event: 554.020 Thread 0x000002cb0d8f5030 Unloading class 0x0000000800000400 'java/lang/invoke/LambdaForm$MH+0x0000000800000400'
Event: 652.410 Thread 0x000002cb0d8f5030 Unloading class 0x0000000800671000 'jdk/internal/reflect/GeneratedSerializationConstructorAccessor86'
Event: 652.410 Thread 0x000002cb0d8f5030 Unloading class 0x0000000800805400 'jdk/internal/reflect/GeneratedSerializationConstructorAccessor85'
Event: 652.410 Thread 0x000002cb0d8f5030 Unloading class 0x0000000800457400 'jdk/internal/reflect/GeneratedSerializationConstructorAccessor84'
Event: 652.410 Thread 0x000002cb0d8f5030 Unloading class 0x0000000800456c00 'jdk/internal/reflect/GeneratedSerializationConstructorAccessor83'
Event: 652.410 Thread 0x000002cb0d8f5030 Unloading class 0x0000000800456400 'jdk/internal/reflect/GeneratedSerializationConstructorAccessor82'
Event: 652.410 Thread 0x000002cb0d8f5030 Unloading class 0x0000000800455000 'jdk/internal/reflect/GeneratedSerializationConstructorAccessor81'
Event: 652.410 Thread 0x000002cb0d8f5030 Unloading class 0x0000000800454c00 'jdk/internal/reflect/GeneratedSerializationConstructorAccessor80'
Event: 652.410 Thread 0x000002cb0d8f5030 Unloading class 0x0000000800452c00 'jdk/internal/reflect/GeneratedSerializationConstructorAccessor79'
Event: 652.410 Thread 0x000002cb0d8f5030 Unloading class 0x0000000800452400 'jdk/internal/reflect/GeneratedSerializationConstructorAccessor78'
Event: 652.410 Thread 0x000002cb0d8f5030 Unloading class 0x0000000800450c00 'jdk/internal/reflect/GeneratedSerializationConstructorAccessor77'
Event: 652.410 Thread 0x000002cb0d8f5030 Unloading class 0x000000080044cc00 'jdk/internal/reflect/GeneratedSerializationConstructorAccessor76'
Event: 652.410 Thread 0x000002cb0d8f5030 Unloading class 0x000000080044c000 'jdk/internal/reflect/GeneratedSerializationConstructorAccessor75'
Event: 652.410 Thread 0x000002cb0d8f5030 Unloading class 0x0000000800439000 'jdk/internal/reflect/GeneratedSerializationConstructorAccessor74'
Event: 652.410 Thread 0x000002cb0d8f5030 Unloading class 0x0000000800438400 'jdk/internal/reflect/GeneratedSerializationConstructorAccessor73'
Event: 652.410 Thread 0x000002cb0d8f5030 Unloading class 0x0000000800428000 'jdk/internal/reflect/GeneratedSerializationConstructorAccessor72'
Event: 652.410 Thread 0x000002cb0d8f5030 Unloading class 0x00000008002a0000 'org/apache/catalina/loader/JdbcLeakPrevention'

Classes redefined (5 events):
Event: 511.158 Thread 0x000002cb0d8f5030 redefined class name=com.kedu.firmware.controllers.MailController, count=1
Event: 511.158 Thread 0x000002cb0d8f5030 redefined class name=com.kedu.firmware.controllers.MailController, count=1
Event: 552.442 Thread 0x000002cb0d8f5030 redefined class name=com.kedu.firmware.controllers.MailController, count=1
Event: 552.442 Thread 0x000002cb0d8f5030 redefined class name=com.kedu.firmware.controllers.MailController, count=2
Event: 552.442 Thread 0x000002cb0d8f5030 redefined class name=com.kedu.firmware.controllers.MailController, count=2

Internal exceptions (20 events):
Event: 554.058 Thread 0x000002cb127259a0 Exception <a 'sun/nio/fs/WindowsException'{0x000000070ec77490}> (0x000000070ec77490) 
thrown [s\src\hotspot\share\prims\jni.cpp, line 520]
Event: 554.378 Thread 0x000002cb127259a0 Exception <a 'java/lang/NoClassDefFoundError'{0x000000070d13a8e0}: org/flywaydb/core/Flyway> (0x000000070d13a8e0) 
thrown [s\src\hotspot\share\oops\constantPool.cpp, line 873]
Event: 555.405 Thread 0x000002cb127259a0 Exception <a 'java/lang/NoClassDefFoundError'{0x000000070d13af40}: liquibase/integration/spring/SpringLiquibase> (0x000000070d13af40) 
thrown [s\src\hotspot\share\oops\constantPool.cpp, line 873]
Event: 555.411 Thread 0x000002cb127259a0 Exception <a 'java/lang/NoClassDefFoundError'{0x000000070d1c4558}: org/jooq/DSLContext> (0x000000070d1c4558) 
thrown [s\src\hotspot\share\oops\constantPool.cpp, line 873]
Event: 555.412 Thread 0x000002cb127259a0 Exception <a 'java/lang/NoClassDefFoundError'{0x000000070d1c5e28}: jakarta/persistence/EntityManagerFactory> (0x000000070d1c5e28) 
thrown [s\src\hotspot\share\oops\constantPool.cpp, line 873]
Event: 555.412 Thread 0x000002cb127259a0 Exception <a 'java/lang/NoClassDefFoundError'{0x000000070d1c6498}: org/springframework/batch/core/repository/JobRepository> (0x000000070d1c6498) 
thrown [s\src\hotspot\share\oops\constantPool.cpp, line 873]
Event: 555.413 Thread 0x000002cb127259a0 Exception <a 'java/lang/NoClassDefFoundError'{0x000000070d1c6af0}: org/quartz/Scheduler> (0x000000070d1c6af0) 
thrown [s\src\hotspot\share\oops\constantPool.cpp, line 873]
Event: 555.413 Thread 0x000002cb127259a0 Exception <a 'java/lang/NoClassDefFoundError'{0x000000070d1c7170}: org/springframework/session/jdbc/JdbcIndexedSessionRepository> (0x000000070d1c7170) 
thrown [s\src\hotspot\share\oops\constantPool.cpp, line 873]
Event: 555.471 Thread 0x000002cb127259a0 Exception <a 'java/io/FileNotFoundException'{0x000000070cbef540}> (0x000000070cbef540) 
thrown [s\src\hotspot\share\prims\jni.cpp, line 520]
Event: 601.085 Thread 0x000002cb13086bd0 Exception <a 'java/lang/NoSuchMethodError'{0x000000070cd755c8}: static [B.<clinit>()V> (0x000000070cd755c8) 
thrown [s\src\hotspot\share\prims\jni.cpp, line 1111]
Event: 652.402 Thread 0x000002cb12722520 Exception <a 'java/lang/InterruptedException'{0x000000070c797b28}: sleep interrupted> (0x000000070c797b28) 
thrown [s\src\hotspot\share\prims\jvm.cpp, line 3074]
Event: 652.448 Thread 0x000002cb1459c5b0 Exception <a 'sun/nio/fs/WindowsException'{0x000000070ea786f0}> (0x000000070ea786f0) 
thrown [s\src\hotspot\share\prims\jni.cpp, line 520]
Event: 652.741 Thread 0x000002cb1459c5b0 Exception <a 'java/lang/NoClassDefFoundError'{0x000000070cf22990}: org/flywaydb/core/Flyway> (0x000000070cf22990) 
thrown [s\src\hotspot\share\oops\constantPool.cpp, line 873]
Event: 652.742 Thread 0x000002cb1459c5b0 Exception <a 'java/lang/NoClassDefFoundError'{0x000000070cf22ff0}: liquibase/integration/spring/SpringLiquibase> (0x000000070cf22ff0) 
thrown [s\src\hotspot\share\oops\constantPool.cpp, line 873]
Event: 652.748 Thread 0x000002cb1459c5b0 Exception <a 'java/lang/NoClassDefFoundError'{0x000000070cfa9698}: org/jooq/DSLContext> (0x000000070cfa9698) 
thrown [s\src\hotspot\share\oops\constantPool.cpp, line 873]
Event: 652.749 Thread 0x000002cb1459c5b0 Exception <a 'java/lang/NoClassDefFoundError'{0x000000070cfaaf68}: jakarta/persistence/EntityManagerFactory> (0x000000070cfaaf68) 
thrown [s\src\hotspot\share\oops\constantPool.cpp, line 873]
Event: 652.750 Thread 0x000002cb1459c5b0 Exception <a 'java/lang/NoClassDefFoundError'{0x000000070cfab5d8}: org/springframework/batch/core/repository/JobRepository> (0x000000070cfab5d8) 
thrown [s\src\hotspot\share\oops\constantPool.cpp, line 873]
Event: 652.750 Thread 0x000002cb1459c5b0 Exception <a 'java/lang/NoClassDefFoundError'{0x000000070cfabc30}: org/quartz/Scheduler> (0x000000070cfabc30) 
thrown [s\src\hotspot\share\oops\constantPool.cpp, line 873]
Event: 652.751 Thread 0x000002cb1459c5b0 Exception <a 'java/lang/NoClassDefFoundError'{0x000000070cfac2b0}: org/springframework/session/jdbc/JdbcIndexedSessionRepository> (0x000000070cfac2b0) 
thrown [s\src\hotspot\share\oops\constantPool.cpp, line 873]
Event: 652.805 Thread 0x000002cb1459c5b0 Exception <a 'java/io/FileNotFoundException'{0x000000070c9d42b8}> (0x000000070c9d42b8) 
thrown [s\src\hotspot\share\prims\jni.cpp, line 520]

ZGC Phase Switch (0 events):
No events

VM Operations (20 events):
Event: 653.302 Executing VM operation: get/set locals done
Event: 653.302 Executing VM operation: get/set locals
Event: 653.303 Executing VM operation: get/set locals done
Event: 653.306 Executing VM operation: get/set locals
Event: 653.306 Executing VM operation: get/set locals done
Event: 653.307 Executing VM operation: get/set locals
Event: 653.307 Executing VM operation: get/set locals done
Event: 653.308 Executing VM operation: get/set locals
Event: 653.308 Executing VM operation: get/set locals done
Event: 653.309 Executing VM operation: get/set locals
Event: 653.309 Executing VM operation: get/set locals done
Event: 656.763 Executing VM operation: ChangeSingleStep
Event: 656.763 Executing VM operation: ChangeSingleStep done
Event: 656.764 Executing VM operation: ChangeSingleStep
Event: 656.764 Executing VM operation: ChangeSingleStep done
Event: 661.238 Executing VM operation: HandshakeAllThreads (HandshakeForDeflation)
Event: 661.238 Executing VM operation: HandshakeAllThreads (HandshakeForDeflation) done
Event: 661.238 Executing VM operation: RendezvousGCThreads
Event: 661.238 Executing VM operation: RendezvousGCThreads done
Event: 731.635 Executing VM operation: G1CollectForAllocation (G1 Evacuation Pause)

Events (20 events):
Event: 652.418 Thread 0x000002cb0d8f5030 flushing nmethod 0x000002cb03bb6210
Event: 652.418 Thread 0x000002cb0d8f5030 flushing nmethod 0x000002cb03bae310
Event: 652.418 Thread 0x000002cb0d8f5030 flushing nmethod 0x000002cb03b9b290
Event: 652.418 Thread 0x000002cb0d8f5030 flushing nmethod 0x000002cb03b89d90
Event: 652.418 Thread 0x000002cb0d8f5030 flushing nmethod 0x000002cb03b62890
Event: 652.418 Thread 0x000002cb0d8f5030 flushing nmethod 0x000002cb03b62210
Event: 652.418 Thread 0x000002cb0d8f5030 flushing nmethod 0x000002cb03b65810
Event: 652.418 Thread 0x000002cb0d8f5030 flushing nmethod 0x000002cb03b64610
Event: 652.435 Thread 0x000002cb1459ed10 Thread added: 0x000002cb1459ed10
Event: 652.435 Thread 0x000002cb1459ed10 Thread exited: 0x000002cb1459ed10
Event: 652.435 Thread 0x000002cb1459c5b0 Thread added: 0x000002cb1459c5b0
Event: 652.518 Thread 0x000002cb1459b200 Thread added: 0x000002cb1459b200
Event: 652.556 Thread 0x000002cb1459b200 Thread exited: 0x000002cb1459b200
Event: 652.789 Thread 0x000002cb14aea2d0 Thread added: 0x000002cb14aea2d0
Event: 652.789 Thread 0x000002cb14ae9c00 Thread added: 0x000002cb14ae9c00
Event: 652.828 Thread 0x000002cb1459cc40 Thread added: 0x000002cb1459cc40
Event: 652.828 Thread 0x000002cb145997c0 Thread added: 0x000002cb145997c0
Event: 652.828 Thread 0x000002cb1459e680 Thread added: 0x000002cb1459e680
Event: 657.958 Thread 0x000002cb14ae9c00 Thread exited: 0x000002cb14ae9c00
Event: 657.958 Thread 0x000002cb14aea2d0 Thread exited: 0x000002cb14aea2d0


Dynamic libraries:
0x00007ff61d5b0000 - 0x00007ff61d5be000 	C:\STS4\sts-4.23.1.RELEASE\plugins\org.eclipse.justj.openjdk.hotspot.jre.full.win32.x86_64_21.0.3.v20240426-1530\jre\bin\javaw.exe
0x00007ff962c70000 - 0x00007ff962e87000 	C:\Windows\SYSTEM32\ntdll.dll
0x00007ff960a30000 - 0x00007ff960af4000 	C:\Windows\System32\KERNEL32.DLL
0x00007ff960010000 - 0x00007ff9603bd000 	C:\Windows\System32\KERNELBASE.dll
0x00007ff9605b0000 - 0x00007ff9606c1000 	C:\Windows\System32\ucrtbase.dll
0x00007ff93c2f0000 - 0x00007ff93c308000 	C:\STS4\sts-4.23.1.RELEASE\plugins\org.eclipse.justj.openjdk.hotspot.jre.full.win32.x86_64_21.0.3.v20240426-1530\jre\bin\jli.dll
0x00007ff93b8f0000 - 0x00007ff93b90b000 	C:\STS4\sts-4.23.1.RELEASE\plugins\org.eclipse.justj.openjdk.hotspot.jre.full.win32.x86_64_21.0.3.v20240426-1530\jre\bin\VCRUNTIME140.dll
0x00007ff962890000 - 0x00007ff962a3e000 	C:\Windows\System32\USER32.dll
0x00007ff960460000 - 0x00007ff960486000 	C:\Windows\System32\win32u.dll
0x00007ff960bb0000 - 0x00007ff960bd9000 	C:\Windows\System32\GDI32.dll
0x00007ff960490000 - 0x00007ff9605a9000 	C:\Windows\System32\gdi32full.dll
0x00007ff9603c0000 - 0x00007ff96045a000 	C:\Windows\System32\msvcp_win.dll
0x00007ff948bd0000 - 0x00007ff948e63000 	C:\Windows\WinSxS\amd64_microsoft.windows.common-controls_6595b64144ccf1df_6.0.22621.3672_none_2713b9d173822955\COMCTL32.dll
0x00007ff9622a0000 - 0x00007ff962347000 	C:\Windows\System32\msvcrt.dll
0x00007ff962a40000 - 0x00007ff962a71000 	C:\Windows\System32\IMM32.DLL
0x00007ff95a7f0000 - 0x00007ff95a7fc000 	C:\STS4\sts-4.23.1.RELEASE\plugins\org.eclipse.justj.openjdk.hotspot.jre.full.win32.x86_64_21.0.3.v20240426-1530\jre\bin\vcruntime140_1.dll
0x00007ff9276e0000 - 0x00007ff92776e000 	C:\STS4\sts-4.23.1.RELEASE\plugins\org.eclipse.justj.openjdk.hotspot.jre.full.win32.x86_64_21.0.3.v20240426-1530\jre\bin\msvcp140.dll
0x00007ff8eee10000 - 0x00007ff8efb92000 	C:\STS4\sts-4.23.1.RELEASE\plugins\org.eclipse.justj.openjdk.hotspot.jre.full.win32.x86_64_21.0.3.v20240426-1530\jre\bin\server\jvm.dll
0x00007ff962350000 - 0x00007ff962402000 	C:\Windows\System32\ADVAPI32.dll
0x00007ff962160000 - 0x00007ff962209000 	C:\Windows\System32\sechost.dll
0x00007ff9606d0000 - 0x00007ff9606f8000 	C:\Windows\System32\bcrypt.dll
0x00007ff961240000 - 0x00007ff961354000 	C:\Windows\System32\RPCRT4.dll
0x00007ff960be0000 - 0x00007ff960c51000 	C:\Windows\System32\WS2_32.dll
0x00007ff95ee30000 - 0x00007ff95ee7d000 	C:\Windows\SYSTEM32\POWRPROF.dll
0x00007ff95a490000 - 0x00007ff95a4c4000 	C:\Windows\SYSTEM32\WINMM.dll
0x00007ff957a20000 - 0x00007ff957a2a000 	C:\Windows\SYSTEM32\VERSION.dll
0x00007ff95ee10000 - 0x00007ff95ee23000 	C:\Windows\SYSTEM32\UMPDC.dll
0x00007ff95f0c0000 - 0x00007ff95f0d8000 	C:\Windows\SYSTEM32\kernel.appcore.dll
0x00007ff95b7d0000 - 0x00007ff95b7da000 	C:\STS4\sts-4.23.1.RELEASE\plugins\org.eclipse.justj.openjdk.hotspot.jre.full.win32.x86_64_21.0.3.v20240426-1530\jre\bin\jimage.dll
0x00007ff95d750000 - 0x00007ff95d982000 	C:\Windows\SYSTEM32\DBGHELP.DLL
0x00007ff960e40000 - 0x00007ff9611c8000 	C:\Windows\System32\combase.dll
0x00007ff961400000 - 0x00007ff9614d7000 	C:\Windows\System32\OLEAUT32.dll
0x00007ff940c70000 - 0x00007ff940ca2000 	C:\Windows\SYSTEM32\dbgcore.DLL
0x00007ff9607c0000 - 0x00007ff96083b000 	C:\Windows\System32\bcryptPrimitives.dll
0x00007ff940a80000 - 0x00007ff940abc000 	C:\STS4\sts-4.23.1.RELEASE\plugins\org.eclipse.justj.openjdk.hotspot.jre.full.win32.x86_64_21.0.3.v20240426-1530\jre\bin\jdwp.dll
0x00007ff95a760000 - 0x00007ff95a76f000 	C:\STS4\sts-4.23.1.RELEASE\plugins\org.eclipse.justj.openjdk.hotspot.jre.full.win32.x86_64_21.0.3.v20240426-1530\jre\bin\instrument.dll
0x00007ff959e60000 - 0x00007ff959e7f000 	C:\STS4\sts-4.23.1.RELEASE\plugins\org.eclipse.justj.openjdk.hotspot.jre.full.win32.x86_64_21.0.3.v20240426-1530\jre\bin\java.dll
0x00007ff959e40000 - 0x00007ff959e58000 	C:\STS4\sts-4.23.1.RELEASE\plugins\org.eclipse.justj.openjdk.hotspot.jre.full.win32.x86_64_21.0.3.v20240426-1530\jre\bin\zip.dll
0x00007ff9614e0000 - 0x00007ff961d3f000 	C:\Windows\System32\SHELL32.dll
0x00007ff95df00000 - 0x00007ff95e7fc000 	C:\Windows\SYSTEM32\windows.storage.dll
0x00007ff95ddc0000 - 0x00007ff95deff000 	C:\Windows\SYSTEM32\wintypes.dll
0x00007ff962060000 - 0x00007ff962154000 	C:\Windows\System32\SHCORE.dll
0x00007ff961370000 - 0x00007ff9613ce000 	C:\Windows\System32\shlwapi.dll
0x00007ff95fed0000 - 0x00007ff95fef1000 	C:\Windows\SYSTEM32\profapi.dll
0x00007ff95a730000 - 0x00007ff95a73b000 	C:\STS4\sts-4.23.1.RELEASE\plugins\org.eclipse.justj.openjdk.hotspot.jre.full.win32.x86_64_21.0.3.v20240426-1530\jre\bin\dt_socket.dll
0x00007ff95ead0000 - 0x00007ff95eafd000 	C:\Windows\SYSTEM32\IPHLPAPI.DLL
0x00007ff95f530000 - 0x00007ff95f599000 	C:\Windows\system32\mswsock.dll
0x00007ff95eb40000 - 0x00007ff95ec38000 	C:\Windows\SYSTEM32\DNSAPI.dll
0x00007ff9613f0000 - 0x00007ff9613f9000 	C:\Windows\System32\NSI.dll
0x00007ff950060000 - 0x00007ff95006a000 	C:\Windows\System32\rasadhlp.dll
0x00007ff95a1c0000 - 0x00007ff95a243000 	C:\Windows\System32\fwpuclnt.dll
0x00007ff95b7b0000 - 0x00007ff95b7c0000 	C:\STS4\sts-4.23.1.RELEASE\plugins\org.eclipse.justj.openjdk.hotspot.jre.full.win32.x86_64_21.0.3.v20240426-1530\jre\bin\net.dll
0x00007ff95b0f0000 - 0x00007ff95b226000 	C:\Windows\SYSTEM32\WINHTTP.dll
0x00007ff958310000 - 0x00007ff958326000 	C:\STS4\sts-4.23.1.RELEASE\plugins\org.eclipse.justj.openjdk.hotspot.jre.full.win32.x86_64_21.0.3.v20240426-1530\jre\bin\nio.dll
0x00007ff951340000 - 0x00007ff95134a000 	C:\STS4\sts-4.23.1.RELEASE\plugins\org.eclipse.justj.openjdk.hotspot.jre.full.win32.x86_64_21.0.3.v20240426-1530\jre\bin\management.dll
0x00007ff940980000 - 0x00007ff94098b000 	C:\STS4\sts-4.23.1.RELEASE\plugins\org.eclipse.justj.openjdk.hotspot.jre.full.win32.x86_64_21.0.3.v20240426-1530\jre\bin\management_ext.dll
0x00007ff961230000 - 0x00007ff961238000 	C:\Windows\System32\PSAPI.DLL
0x00007ff9433d0000 - 0x00007ff9433e7000 	C:\Windows\system32\napinsp.dll
0x00007ff9433b0000 - 0x00007ff9433cb000 	C:\Windows\system32\pnrpnsp.dll
0x00007ff943360000 - 0x00007ff943371000 	C:\Windows\System32\winrnr.dll
0x00007ff95a9f0000 - 0x00007ff95aa05000 	C:\Windows\system32\wshbth.dll
0x00007ff943330000 - 0x00007ff943357000 	C:\Windows\system32\nlansp_c.dll
0x00007ff95f7a0000 - 0x00007ff95f7bb000 	C:\Windows\SYSTEM32\CRYPTSP.dll
0x00007ff95f020000 - 0x00007ff95f055000 	C:\Windows\system32\rsaenh.dll
0x00007ff95f630000 - 0x00007ff95f658000 	C:\Windows\SYSTEM32\USERENV.dll
0x00007ff95f790000 - 0x00007ff95f79c000 	C:\Windows\SYSTEM32\CRYPTBASE.dll
0x00007ff945570000 - 0x00007ff945579000 	C:\STS4\sts-4.23.1.RELEASE\plugins\org.eclipse.justj.openjdk.hotspot.jre.full.win32.x86_64_21.0.3.v20240426-1530\jre\bin\extnet.dll
0x00007ff95a810000 - 0x00007ff95a820000 	C:\STS4\sts-4.23.1.RELEASE\plugins\org.eclipse.justj.openjdk.hotspot.jre.full.win32.x86_64_21.0.3.v20240426-1530\jre\bin\verify.dll
0x00007ff958300000 - 0x00007ff95830e000 	C:\STS4\sts-4.23.1.RELEASE\plugins\org.eclipse.justj.openjdk.hotspot.jre.full.win32.x86_64_21.0.3.v20240426-1530\jre\bin\sunmscapi.dll
0x00007ff960840000 - 0x00007ff9609a7000 	C:\Windows\System32\CRYPT32.dll
0x00007ff95f950000 - 0x00007ff95f97e000 	C:\Windows\SYSTEM32\ncrypt.dll
0x00007ff95f910000 - 0x00007ff95f947000 	C:\Windows\SYSTEM32\NTASN1.dll
0x00007ff95a720000 - 0x00007ff95a728000 	C:\Windows\system32\wshunix.dll

dbghelp: loaded successfully - version: 4.0.5 - missing functions: none
symbol engine: initialized successfully - sym options: 0x614 - pdb path: .;C:\STS4\sts-4.23.1.RELEASE\plugins\org.eclipse.justj.openjdk.hotspot.jre.full.win32.x86_64_21.0.3.v20240426-1530\jre\bin;C:\Windows\SYSTEM32;C:\Windows\WinSxS\amd64_microsoft.windows.common-controls_6595b64144ccf1df_6.0.22621.3672_none_2713b9d173822955;C:\STS4\sts-4.23.1.RELEASE\plugins\org.eclipse.justj.openjdk.hotspot.jre.full.win32.x86_64_21.0.3.v20240426-1530\jre\bin\server

VM Arguments:
jvm_args: -XX:+ShowCodeDetailsInExceptionMessages -agentlib:jdwp=transport=dt_socket,suspend=y,address=localhost:52033 -Dcom.sun.management.jmxremote -Dcom.sun.management.jmxremote.port=52032 -Dcom.sun.management.jmxremote.authenticate=false -Dcom.sun.management.jmxremote.ssl=false -Djava.rmi.server.hostname=localhost -Dspring.jmx.enabled=true -Dmanagement.endpoints.jmx.exposure.include=* -Dspring.application.admin.enabled=true -XX:TieredStopAtLevel=1 -Dspring.boot.project.name=Springboot_firmware -javaagent:C:\STS4\sts-4.23.1.RELEASE\configuration\org.eclipse.osgi\270\0\.cp\lib\javaagent-shaded.jar -Dfile.encoding=UTF-8 -Dstdout.encoding=UTF-8 -Dstderr.encoding=UTF-8 
java_command: com.kedu.firmware.SpringbootFirmwareApplication --spring.output.ansi.enabled=always
java_class_path (initial): C:\kedu_firmware\Springboot_firmware\target\classes;C:\Users\user\.m2\repository\org\springframework\boot\spring-boot-starter-jdbc\3.3.2\spring-boot-starter-jdbc-3.3.2.jar;C:\Users\user\.m2\repository\org\springframework\boot\spring-boot-starter\3.3.2\spring-boot-starter-3.3.2.jar;C:\Users\user\.m2\repository\org\springframework\boot\spring-boot-starter-logging\3.3.2\spring-boot-starter-logging-3.3.2.jar;C:\Users\user\.m2\repository\ch\qos\logback\logback-classic\1.5.6\logback-classic-1.5.6.jar;C:\Users\user\.m2\repository\ch\qos\logback\logback-core\1.5.6\logback-core-1.5.6.jar;C:\Users\user\.m2\repository\org\apache\logging\log4j\log4j-to-slf4j\2.23.1\log4j-to-slf4j-2.23.1.jar;C:\Users\user\.m2\repository\org\apache\logging\log4j\log4j-api\2.23.1\log4j-api-2.23.1.jar;C:\Users\user\.m2\repository\org\slf4j\jul-to-slf4j\2.0.13\jul-to-slf4j-2.0.13.jar;C:\Users\user\.m2\repository\jakarta\annotation\jakarta.annotation-api\2.1.1\jakarta.annotation-api-2.1.1.jar;C:\Users\user\.m2\repository\org\yaml\snakeyaml\2.2\snakeyaml-2.2.jar;C:\Users\user\.m2\repository\com\zaxxer\HikariCP\5.1.0\HikariCP-5.1.0.jar;C:\Users\user\.m2\repository\org\slf4j\slf4j-api\2.0.13\slf4j-api-2.0.13.jar;C:\Users\user\.m2\repository\org\springframework\spring-jdbc\6.1.11\spring-jdbc-6.1.11.jar;C:\Users\user\.m2\repository\org\springframework\spring-beans\6.1.11\spring-beans-6.1.11.jar;C:\Users\user\.m2\repository\org\springframework\spring-tx\6.1.11\spring-tx-6.1.11.jar;C:\Users\user\.m2\repository\org\springframework\boot\spring-boot-starter-web-services\3.3.2\spring-boot-starter-web-services-3.3.2.jar;C:\Users\user\.m2\repository\org\springframework\boot\spring-boot-starter-web\3.3.2\spring-boot-starter-web-3.3.2.jar;C:\Users\user\.m2\repository\org\springframework\boot\spring-boot-starter-json\3.3.2\spring-boot-starter-json-3.3.2.jar;C:\Users\user\.m2\repository\com\fasterxml\jackson\core\jackson-databind\2.17.2\jackson-databind-2.17.2.jar;C:\Users\user\.m2\repository\com\fasterxml\jackson\core\jackson-annotations\2.17.2\jackson-annotations-2.17.2.jar;C:\Users\user\.m2\repository\com\fasterxml\jackson\core\jackson-core\2.17.2\jackson-core-2.17.2.jar;C:\Users\user\.m2\repository\com\fasterxml\jackson\datatype\jackson-datatype-jdk8\2.17.2\jackson-datatype-jdk8-2.17.2.jar;C:\Users\user\.m2\repository\com\fasterxml\jackson\datatype\jackson-datatype-jsr310\2.17.2\jackson-datatype-jsr310-2.17.2.jar;C:\Users\user\.m2\repository\com\fasterxml\jackson\module\jackson-module-parameter-names\2.17.2\jackson-module-parameter-names-2.17.2.jar;C:\Users\user\.m2\repository\org\springframework\boot\spring-boot-starter-tomcat\3.3.2\spring-boot-starter-tomcat-3.3.2.jar;C:\Users\user\.m2\repository\org\apache\tomcat\embed\tomcat-embed-core\10.1.26\tomcat-embed-core-10.1.26.jar;C:\Users\user\.m2\repository\org\apache\tomcat\embed\tomcat-embed-el\10.1.26\tomcat-embed-el-10.1.26.jar;C:\Users\user\.m2\repository\org\apache\tomcat\embed\tomcat-embed-websocket\10.1.26\tomcat-embed-websocket-10.1.26.jar;C:\Users\user\.m2\repository\org\springframework\spring-web\6.1.11\spring-web-6.1.11.jar;C:\Users\user\.m2\repository\io\micrometer\micrometer-observation\1.13.2\micrometer-observation-1.13.2.jar;C:\Users\user\.m2\repository\io\micrometer\micrometer-commons\1.13.2\micrometer-commons-1.13.2.jar;C:\Users\user\.m2\repository\org\springframework\spring-webmvc\6.1.11\spring-webmvc-6.1.11.jar;C:\Users\user\.m2\repository\org\springframework\spring-expression\6.1.11\spring-expression-6.1.11.jar;C:\Users\user\.m2\repository\com\sun\xml\messaging\saaj\saaj-impl\3.0.4\saaj-impl-3.0.4.jar;C:\Users\user\.m2\repository\jakarta\xml\soap\jakarta.xml.soap-api\3.0.2\jakarta.xml.soap-api-3.0.2.jar;C:\Users\user\.m2\repository\org\jvnet\staxex\stax-ex\2.1.0\stax-ex-2.1.0.jar;C:\Users\user\.m2\repository\jakarta\activation\jakarta.activation-api\2.1.3\jakarta.activation-api-2.1.3.jar;C:\Users\user\.m2\repository\org\eclipse\angus\angus-activation\2.0.2\angus-activation-2.0.2.jar;C:\Users\user\.m2\repository\jakarta\xml\ws\jakarta.xml.ws-api\4.0.2\jakarta.xml.ws-api-4.0.2.jar;C:\Users\user\.m2\repository\org\springframework\spring-oxm\6.1.11\spring-oxm-6.1.11.jar;C:\Users\user\.m2\repository\org\springframework\ws\spring-ws-core\4.0.11\spring-ws-core-4.0.11.jar;C:\Users\user\.m2\repository\org\springframework\ws\spring-xml\4.0.11\spring-xml-4.0.11.jar;C:\Users\user\.m2\repository\org\springframework\spring-aop\6.1.11\spring-aop-6.1.11.jar;C:\Users\user\.m2\repository\org\glassfish\jaxb\jaxb-runtime\4.0.5\jaxb-runtime-4.0.5.jar;C:\Users\user\.m2\repository\org\glassfish\jaxb\jaxb-core\4.0.5\jaxb-core-4.0.5.jar;C:\Users\user\.m2\repository\org\glassfish\jaxb\txw2\4.0.5\txw2-4.0.5.jar;C:\Users\user\.m2\repository\com\sun\istack\istack-commons-runtime\4.1.2\istack-commons-runtime-4.1.2.jar;C:\Users\user\.m2\repository\org\springframework\boot\spring-boot-starter-websocket\3.3.2\spring-boot-starter-websocket-3.3.2.jar;C:\Users\user\.m2\repository\org\springframework\spring-messaging\6.1.11\spring-messaging-6.1.11.jar;C:\Users\user\.m2\repository\org\springframework\spring-websocket\6.1.11\spring-websocket-6.1.11.jar;C:\Users\user\.m2\repository\org\springframework\spring-context\6.1.11\spring-context-6.1.11.jar;C:\Users\user\.m2\repository\org\mybatis\spring\boot\mybatis-spring-boot-starter\3.0.3\mybatis-spring-boot-starter-3.0.3.jar;C:\Users\user\.m2\repository\org\mybatis\spring\boot\mybatis-spring-boot-autoconfigure\3.0.3\mybatis-spring-boot-autoconfigure-3.0.3.jar;C:\Users\user\.m2\repository\org\mybatis\mybatis\3.5.14\mybatis-3.5.14.jar;C:\Users\user\.m2\repository\org\mybatis\mybatis-spring\3.0.3\mybatis-spring-3.0.3.jar;C:\Users\user\.m2\repository\org\springframework\boot\spring-boot-devtools\3.3.2\spring-boot-devtools-3.3.2.jar;C:\Users\user\.m2\repository\org\springframework\boot\spring-boot\3.3.2\spring-boot-3.3.2.jar;C:\Users\user\.m2\repository\org\springframework\boot\spring-boot-autoconfigure\3.3.2\spring-boot-autoconfigure-3.3.2.jar;C:\Users\user\.m2\repository\com\oracle\database\jdbc\ojdbc11\21.9.0.0\ojdbc11-21.9.0.0.jar;C:\Users\user\.m2\repository\org\projectlombok\lombok\1.18.34\lombok-1.18.34.jar;C:\Users\user\.m2\repository\jakarta\xml\bind\jakarta.xml.bind-api\4.0.2\jakarta.xml.bind-api-4.0.2.jar;C:\Users\user\.m2\repository\org\springframework\spring-core\6.1.11\spring-core-6.1.11.jar;C:\Users\user\.m2\repository\org\springframework\spring-jcl\6.1.11\spring-jcl-6.1.11.jar;C:\Users\user\.m2\repository\org\json\json\20231013\json-20231013.jar;C:\Users\user\.m2\repository\com\google\code\gson\gson\2.10.1\gson-2.10.1.jar
Launcher Type: SUN_STANDARD

[Global flags]
     intx CICompilerCount                          = 4                                         {product} {ergonomic}
     uint ConcGCThreads                            = 3                                         {product} {ergonomic}
     uint G1ConcRefinementThreads                  = 10                                        {product} {ergonomic}
   size_t G1HeapRegionSize                         = 2097152                                   {product} {ergonomic}
    uintx GCDrainStackTargetSize                   = 64                                        {product} {ergonomic}
   size_t InitialHeapSize                          = 260046848                                 {product} {ergonomic}
     bool ManagementServer                         = true                                      {product} {command line}
   size_t MarkStackSize                            = 4194304                                   {product} {ergonomic}
   size_t MaxHeapSize                              = 4131389440                                {product} {ergonomic}
   size_t MaxNewSize                               = 2478833664                                {product} {ergonomic}
   size_t MinHeapDeltaBytes                        = 2097152                                   {product} {ergonomic}
   size_t MinHeapSize                              = 8388608                                   {product} {ergonomic}
    uintx NonNMethodCodeHeapSize                   = 4096                                   {pd product} {ergonomic}
    uintx NonProfiledCodeHeapSize                  = 0                                      {pd product} {ergonomic}
     bool ProfileInterpreter                       = false                                  {pd product} {command line}
    uintx ProfiledCodeHeapSize                     = 0                                      {pd product} {ergonomic}
     bool ShowCodeDetailsInExceptionMessages       = true                                   {manageable} {command line}
   size_t SoftMaxHeapSize                          = 4131389440                             {manageable} {ergonomic}
     intx TieredStopAtLevel                        = 1                                         {product} {command line}
     bool UseCompressedOops                        = true                           {product lp64_product} {ergonomic}
     bool UseG1GC                                  = true                                      {product} {ergonomic}
     bool UseLargePagesIndividualAllocation        = false                                  {pd product} {ergonomic}

Logging:
Log output configuration:
 #0: stdout all=warning uptime,level,tags foldmultilines=false
 #1: stderr all=off uptime,level,tags foldmultilines=false

Environment Variables:
PATH=C:\STS4\sts-4.23.1.RELEASE\plugins\org.eclipse.justj.openjdk.hotspot.jre.full.win32.x86_64_21.0.3.v20240426-1530\jre\bin;C:/STS4/sts-4.23.1.RELEASE//plugins/org.eclipse.justj.openjdk.hotspot.jre.full.win32.x86_64_21.0.3.v20240426-1530/jre/bin/server;C:/STS4/sts-4.23.1.RELEASE//plugins/org.eclipse.justj.openjdk.hotspot.jre.full.win32.x86_64_21.0.3.v20240426-1530/jre/bin;C:\oraclexe\app\oracle\product\11.2.0\server\bin;C:\Program Files\Python310\Scripts\;C:\Program Files\Python310\;C:\Windows\system32;C:\Windows;C:\Windows\System32\Wbem;C:\Windows\System32\WindowsPowerShell\v1.0\;C:\Windows\System32\OpenSSH\;C:\Program Files\Bandizip\;C:\Program Files\dotnet\;C:\Program Files\Git\cmd;C:\Program Files\nodejs\;C:\Users\user\AppData\Local\Microsoft\WindowsApps;C:\Users\user\AppData\Local\Programs\Microsoft VS Code\bin;C:\Users\user\AppData\Local\gitkraken\bin;C:\Users\user\AppData\Roaming\npm;C:\STS4\sts-4.23.1.RELEASE;
USERNAME=user
OS=Windows_NT
PROCESSOR_IDENTIFIER=AMD64 Family 23 Model 104 Stepping 1, AuthenticAMD
TMP=C:\Users\user\AppData\Local\Temp
TEMP=C:\Users\user\AppData\Local\Temp




Periodic native trim disabled

---------------  S Y S T E M  ---------------

OS:
 Windows 11 , 64 bit Build 22621 (10.0.22621.3672)
OS uptime: 0 days 7:58 hours

CPU: total 12 (initial active 12) (12 cores per cpu, 2 threads per core) family 23 model 104 stepping 1 microcode 0x0, cx8, cmov, fxsr, ht, mmx, 3dnowpref, sse, sse2, sse3, ssse3, sse4a, sse4.1, sse4.2, popcnt, lzcnt, tsc, tscinvbit, avx, avx2, aes, clmul, bmi1, bmi2, adx, sha, fma, vzeroupper, clflush, clflushopt, rdtscp, rdpid, f16c
Processor Information for processor 0
  Max Mhz: 2100, Current Mhz: 2100, Mhz Limit: 2100
Processor Information for processor 1
  Max Mhz: 2100, Current Mhz: 1988, Mhz Limit: 2100
Processor Information for processor 2
  Max Mhz: 2100, Current Mhz: 2100, Mhz Limit: 2100
Processor Information for processor 3
  Max Mhz: 2100, Current Mhz: 1988, Mhz Limit: 2100
Processor Information for processor 4
  Max Mhz: 2100, Current Mhz: 1988, Mhz Limit: 2100
Processor Information for processor 5
  Max Mhz: 2100, Current Mhz: 1988, Mhz Limit: 2100
Processor Information for processor 6
  Max Mhz: 2100, Current Mhz: 2100, Mhz Limit: 2100
Processor Information for processor 7
  Max Mhz: 2100, Current Mhz: 1988, Mhz Limit: 2100
Processor Information for processor 8
  Max Mhz: 2100, Current Mhz: 1988, Mhz Limit: 2100
Processor Information for processor 9
  Max Mhz: 2100, Current Mhz: 1988, Mhz Limit: 2100
Processor Information for processor 10
  Max Mhz: 2100, Current Mhz: 1988, Mhz Limit: 2100
Processor Information for processor 11
  Max Mhz: 2100, Current Mhz: 1988, Mhz Limit: 2100

Memory: 4k page, system-wide physical 15755M (4906M free)
TotalPageFile size 21131M (AvailPageFile size 3434M)
current process WorkingSet (physical memory assigned to process): 236M, peak: 238M
current process commit charge ("private bytes"): 270M, peak: 360M

vm_info: OpenJDK 64-Bit Server VM (21.0.3+9-LTS) for windows-amd64 JRE (21.0.3+9-LTS), built on 2024-04-16T00:00:00Z by "admin" with MS VC++ 17.7 (VS2022)

END.
